[debug] [2024-05-01T03:35:53.667Z] ----------------------------------------------------------------------
[debug] [2024-05-01T03:35:53.668Z] Command:       C:\Program Files\nodejs\node.exe C:\Users\user\AppData\Roaming\npm\node_modules\firebase-tools\lib\bin\firebase.js deploy
[debug] [2024-05-01T03:35:53.669Z] CLI Version:   13.7.3
[debug] [2024-05-01T03:35:53.669Z] Platform:      win32
[debug] [2024-05-01T03:35:53.669Z] Node Version:  v18.20.2
[debug] [2024-05-01T03:35:53.670Z] Time:          Wed May 01 2024 00:35:53 GMT-0300 (hora estándar de Argentina)
[debug] [2024-05-01T03:35:53.670Z] ----------------------------------------------------------------------
[debug] 
[debug] [2024-05-01T03:35:53.725Z] > command requires scopes: ["email","openid","https://www.googleapis.com/auth/cloudplatformprojects.readonly","https://www.googleapis.com/auth/firebase","https://www.googleapis.com/auth/cloud-platform"]
[debug] [2024-05-01T03:35:53.725Z] > authorizing via signed-in user (blastonyzamora@gmail.com)
[debug] [2024-05-01T03:35:53.725Z] [iam] checking project next-cc43a for permissions ["firebase.projects.get","firebasedatabase.instances.update","firebasehosting.sites.update"]
[debug] [2024-05-01T03:35:53.727Z] >>> [apiv2][query] POST https://cloudresourcemanager.googleapis.com/v1/projects/next-cc43a:testIamPermissions [none]
[debug] [2024-05-01T03:35:53.727Z] >>> [apiv2][(partial)header] POST https://cloudresourcemanager.googleapis.com/v1/projects/next-cc43a:testIamPermissions x-goog-quota-user=projects/next-cc43a
[debug] [2024-05-01T03:35:53.727Z] >>> [apiv2][body] POST https://cloudresourcemanager.googleapis.com/v1/projects/next-cc43a:testIamPermissions {"permissions":["firebase.projects.get","firebasedatabase.instances.update","firebasehosting.sites.update"]}
[debug] [2024-05-01T03:35:54.758Z] <<< [apiv2][status] POST https://cloudresourcemanager.googleapis.com/v1/projects/next-cc43a:testIamPermissions 200
[debug] [2024-05-01T03:35:54.758Z] <<< [apiv2][body] POST https://cloudresourcemanager.googleapis.com/v1/projects/next-cc43a:testIamPermissions {"permissions":["firebase.projects.get","firebasedatabase.instances.update","firebasehosting.sites.update"]}
[debug] [2024-05-01T03:35:54.759Z] >>> [apiv2][query] GET https://firebase.googleapis.com/v1beta1/projects/next-cc43a [none]
[debug] [2024-05-01T03:35:55.178Z] <<< [apiv2][status] GET https://firebase.googleapis.com/v1beta1/projects/next-cc43a 200
[debug] [2024-05-01T03:35:55.178Z] <<< [apiv2][body] GET https://firebase.googleapis.com/v1beta1/projects/next-cc43a {"projectId":"next-cc43a","projectNumber":"454727340926","displayName":"Next","name":"projects/next-cc43a","resources":{"hostingSite":"next-cc43a","realtimeDatabaseInstance":"next-cc43a-default-rtdb"},"state":"ACTIVE","etag":"1_472c3b28-4293-48a4-9571-415a7d739586"}
[debug] [2024-05-01T03:35:55.179Z] >>> [apiv2][query] GET https://firebase.googleapis.com/v1beta1/projects/next-cc43a [none]
[debug] [2024-05-01T03:35:55.534Z] <<< [apiv2][status] GET https://firebase.googleapis.com/v1beta1/projects/next-cc43a 200
[debug] [2024-05-01T03:35:55.535Z] <<< [apiv2][body] GET https://firebase.googleapis.com/v1beta1/projects/next-cc43a {"projectId":"next-cc43a","projectNumber":"454727340926","displayName":"Next","name":"projects/next-cc43a","resources":{"hostingSite":"next-cc43a","realtimeDatabaseInstance":"next-cc43a-default-rtdb"},"state":"ACTIVE","etag":"1_472c3b28-4293-48a4-9571-415a7d739586"}
[debug] [2024-05-01T03:35:59.792Z] >>> [apiv2][query] GET https://firebasehosting.googleapis.com/v1beta1/projects/next-cc43a/sites pageToken=&pageSize=10
[debug] [2024-05-01T03:36:00.972Z] <<< [apiv2][status] GET https://firebasehosting.googleapis.com/v1beta1/projects/next-cc43a/sites 200
[debug] [2024-05-01T03:36:00.972Z] <<< [apiv2][body] GET https://firebasehosting.googleapis.com/v1beta1/projects/next-cc43a/sites {"sites":[{"name":"projects/next-cc43a/sites/next-cc43a","defaultUrl":"https://next-cc43a.web.app","appId":"1:454727340926:web:14ae9aacd34f308ce6192f","type":"DEFAULT_SITE"}]}
[debug] [2024-05-01T03:36:00.972Z] >>> [apiv2][query] GET https://firebase.googleapis.com/v1beta1/projects/-/webApps/1:454727340926:web:14ae9aacd34f308ce6192f/config [none]
[debug] [2024-05-01T03:36:01.893Z] <<< [apiv2][status] GET https://firebase.googleapis.com/v1beta1/projects/-/webApps/1:454727340926:web:14ae9aacd34f308ce6192f/config 200
[debug] [2024-05-01T03:36:01.893Z] <<< [apiv2][body] GET https://firebase.googleapis.com/v1beta1/projects/-/webApps/1:454727340926:web:14ae9aacd34f308ce6192f/config {"projectId":"next-cc43a","appId":"1:454727340926:web:14ae9aacd34f308ce6192f","databaseURL":"https://next-cc43a-default-rtdb.firebaseio.com","storageBucket":"next-cc43a.appspot.com","apiKey":"AIzaSyC8ke4C5odvQZfISAfwlRi_1sUSxUhZrSo","authDomain":"next-cc43a.firebaseapp.com","messagingSenderId":"454727340926"}
[info] 
   Thank you for trying our early preview of Next.js support on Firebase Hosting.
   During the preview, support is best-effort and breaking changes can be expected. Proceed with caution.
   The integration is known to work with Next.js version 12 - 14.0. You may encounter errors.

   Documentation: https://firebase.google.com/docs/hosting/frameworks/nextjs
   File a bug: https://github.com/firebase/firebase-tools/issues/new?template=bug_report.md
   Submit a feature request: https://github.com/firebase/firebase-tools/issues/new?template=feature_request.md

   We'd love to learn from you. Express your interest in helping us shape the future of Firebase Hosting: https://goo.gle/41enW5X

[debug] [2024-05-01T03:36:10.613Z] >>> [apiv2][query] GET https://firebasehosting.googleapis.com/v1beta1/projects/next-cc43a/sites/next-cc43a [none]
[debug] [2024-05-01T03:36:11.668Z] <<< [apiv2][status] GET https://firebasehosting.googleapis.com/v1beta1/projects/next-cc43a/sites/next-cc43a 200
[debug] [2024-05-01T03:36:11.668Z] <<< [apiv2][body] GET https://firebasehosting.googleapis.com/v1beta1/projects/next-cc43a/sites/next-cc43a {"name":"projects/next-cc43a/sites/next-cc43a","defaultUrl":"https://next-cc43a.web.app","appId":"1:454727340926:web:14ae9aacd34f308ce6192f","type":"DEFAULT_SITE"}
[info]    ▲ Next.js 14.1.4

[info]    - Environments: .env.local, .env


[info]    Creating an optimized production build ...

[info]  ✓ Compiled successfully

[info]    Linting and checking validity of types ...

[info]    Collecting page data ...

[info]    Generating static pages (0/8) ...

[info] todos

[info] TypeError: fetch failed
    at node:internal/deps/undici/undici:12618:11
    at process.processTicksAndRejections (node:internal/process/task_queues:95:5)
    at async globalThis.fetch (C:\Users\user\OneDrive\Escritorio\Practica\Next.js\entrega-uno\.next\server\chunks\638.js:1:36484)
    at async c (C:\Users\user\OneDrive\Escritorio\Practica\Next.js\entrega-uno\.next\server\app\page.js:1:4990) {
  cause: Error: connect ECONNREFUSED ::1:3000
      at TCPConnectWrap.afterConnect [as oncomplete] (node:net:1555:16)
      at TCPConnectWrap.callbackTrampoline (node:internal/async_hooks:128:17) {
    errno: -4078,
    code: 'ECONNREFUSED',
    syscall: 'connect',
    address: '::1',
    port: 3000
  }
}
TypeError: fetch failed
    at node:internal/deps/undici/undici:12618:11
    at process.processTicksAndRejections (node:internal/process/task_queues:95:5)
    at async globalThis.fetch (C:\Users\user\OneDrive\Escritorio\Practica\Next.js\entrega-uno\.next\server\chunks\638.js:1:36484)
    at async c (C:\Users\user\OneDrive\Escritorio\Practica\Next.js\entrega-uno\.next\server\app\page.js:1:4990) {
  cause: Error: connect ECONNREFUSED ::1:3000
      at TCPConnectWrap.afterConnect [as oncomplete] (node:net:1555:16)
      at TCPConnectWrap.callbackTrampoline (node:internal/async_hooks:128:17) {
    errno: -4078,
    code: 'ECONNREFUSED',
    syscall: 'connect',
    address: '::1',
    port: 3000
  }
}

[info]    Generating static pages (2/8) 

[info] cart []

[info] cart []
   Generating static pages (4/8) 

[info] cart []

[info] cart []

[info]    Generating static pages (6/8) 

[info]  ✓ Generating static pages (8/8) 

[info]    Finalizing page optimization ...

[info]    Collecting build traces ...

[info] 

[info] Route (app)                              Size     First Load JS
┌ λ /                                    492 B          96.7 kB
├ ○ /_not-found                          882 B          85.2 kB
├ ○ /admin                               139 B          84.4 kB
├ λ /api/contacto                        0 B                0 B
├ λ /api/producto/[id]                   0 B                0 B
├ λ /api/productos/[categoria]           0 B                0 B
├ ○ /contacto                            618 B          84.9 kB
├ ○ /nosotros                            139 B          84.4 kB
├ ● /productos/[categorias]              492 B          96.7 kB
└ λ /productos/detail/[id]               783 B          90.1 kB
+ First Load JS shared by all            84.3 kB
  ├ chunks/69-81d753af5c690270.js        29 kB
  ├ chunks/fd9d1056-218420f95767ea7b.js  53.4 kB
  └ other shared chunks (total)          1.9 kB


[info] 
○  (Static)   prerendered as static content
●  (SSG)      prerendered as static HTML (uses getStaticProps)
λ  (Dynamic)  server-rendered on demand using Node.js


[info] Building a Cloud Function to run this application. This is needed due to:
[info]  • Image Optimization
[info]  • use of fallback /productos/[categorias]
[info]  • non-static component /api/contacto/route
[info]  • non-static component /api/productos/[categoria]/route
[info]  • non-static component /api/producto/[id]/route
[debug] [2024-05-01T03:36:37.208Z]  • non-static component /page
[debug] [2024-05-01T03:36:37.209Z]  • non-static component /productos/detail/[id]/page
[info]  • and 2 other reasons, use --debug to see more
[info] 
[debug] [2024-05-01T03:36:42.246Z] >>> [apiv2][query] GET https://firebasehosting.googleapis.com/v1beta1/projects/next-cc43a/sites/next-cc43a [none]
[debug] [2024-05-01T03:36:43.297Z] <<< [apiv2][status] GET https://firebasehosting.googleapis.com/v1beta1/projects/next-cc43a/sites/next-cc43a 200
[debug] [2024-05-01T03:36:43.297Z] <<< [apiv2][body] GET https://firebasehosting.googleapis.com/v1beta1/projects/next-cc43a/sites/next-cc43a {"name":"projects/next-cc43a/sites/next-cc43a","defaultUrl":"https://next-cc43a.web.app","appId":"1:454727340926:web:14ae9aacd34f308ce6192f","type":"DEFAULT_SITE"}
[debug] [2024-05-01T03:36:43.499Z] Error: Source and destination must not be the same.
    at C:\Users\user\AppData\Roaming\npm\node_modules\firebase-tools\node_modules\fs-extra\lib\util\stat.js:49:19
    at process.processTicksAndRejections (node:internal/process/task_queues:82:21)
[error] 
[error] Error: An unexpected error has occurred.
[debug] [2024-05-01T03:39:43.581Z] ----------------------------------------------------------------------
[debug] [2024-05-01T03:39:43.582Z] Command:       C:\Program Files\nodejs\node.exe C:\Users\user\AppData\Roaming\npm\node_modules\firebase-tools\lib\bin\firebase.js deploy
[debug] [2024-05-01T03:39:43.583Z] CLI Version:   13.7.3
[debug] [2024-05-01T03:39:43.583Z] Platform:      win32
[debug] [2024-05-01T03:39:43.583Z] Node Version:  v18.20.2
[debug] [2024-05-01T03:39:43.584Z] Time:          Wed May 01 2024 00:39:43 GMT-0300 (hora estándar de Argentina)
[debug] [2024-05-01T03:39:43.584Z] ----------------------------------------------------------------------
[debug] 
[debug] [2024-05-01T03:39:43.638Z] > command requires scopes: ["email","openid","https://www.googleapis.com/auth/cloudplatformprojects.readonly","https://www.googleapis.com/auth/firebase","https://www.googleapis.com/auth/cloud-platform"]
[debug] [2024-05-01T03:39:43.638Z] > authorizing via signed-in user (blastonyzamora@gmail.com)
[debug] [2024-05-01T03:39:43.638Z] [iam] checking project next-cc43a for permissions ["firebase.projects.get","firebasedatabase.instances.update","firebasehosting.sites.update"]
[debug] [2024-05-01T03:39:43.640Z] >>> [apiv2][query] POST https://cloudresourcemanager.googleapis.com/v1/projects/next-cc43a:testIamPermissions [none]
[debug] [2024-05-01T03:39:43.640Z] >>> [apiv2][(partial)header] POST https://cloudresourcemanager.googleapis.com/v1/projects/next-cc43a:testIamPermissions x-goog-quota-user=projects/next-cc43a
[debug] [2024-05-01T03:39:43.640Z] >>> [apiv2][body] POST https://cloudresourcemanager.googleapis.com/v1/projects/next-cc43a:testIamPermissions {"permissions":["firebase.projects.get","firebasedatabase.instances.update","firebasehosting.sites.update"]}
[debug] [2024-05-01T03:39:44.553Z] <<< [apiv2][status] POST https://cloudresourcemanager.googleapis.com/v1/projects/next-cc43a:testIamPermissions 200
[debug] [2024-05-01T03:39:44.554Z] <<< [apiv2][body] POST https://cloudresourcemanager.googleapis.com/v1/projects/next-cc43a:testIamPermissions {"permissions":["firebase.projects.get","firebasedatabase.instances.update","firebasehosting.sites.update"]}
[debug] [2024-05-01T03:39:44.554Z] >>> [apiv2][query] GET https://firebase.googleapis.com/v1beta1/projects/next-cc43a [none]
[debug] [2024-05-01T03:39:44.963Z] <<< [apiv2][status] GET https://firebase.googleapis.com/v1beta1/projects/next-cc43a 200
[debug] [2024-05-01T03:39:44.964Z] <<< [apiv2][body] GET https://firebase.googleapis.com/v1beta1/projects/next-cc43a {"projectId":"next-cc43a","projectNumber":"454727340926","displayName":"Next","name":"projects/next-cc43a","resources":{"hostingSite":"next-cc43a","realtimeDatabaseInstance":"next-cc43a-default-rtdb"},"state":"ACTIVE","etag":"1_472c3b28-4293-48a4-9571-415a7d739586"}
[debug] [2024-05-01T03:39:44.964Z] >>> [apiv2][query] GET https://firebase.googleapis.com/v1beta1/projects/next-cc43a [none]
[debug] [2024-05-01T03:39:45.328Z] <<< [apiv2][status] GET https://firebase.googleapis.com/v1beta1/projects/next-cc43a 200
[debug] [2024-05-01T03:39:45.328Z] <<< [apiv2][body] GET https://firebase.googleapis.com/v1beta1/projects/next-cc43a {"projectId":"next-cc43a","projectNumber":"454727340926","displayName":"Next","name":"projects/next-cc43a","resources":{"hostingSite":"next-cc43a","realtimeDatabaseInstance":"next-cc43a-default-rtdb"},"state":"ACTIVE","etag":"1_472c3b28-4293-48a4-9571-415a7d739586"}
[debug] [2024-05-01T03:39:49.561Z] >>> [apiv2][query] GET https://firebasehosting.googleapis.com/v1beta1/projects/next-cc43a/sites pageToken=&pageSize=10
[debug] [2024-05-01T03:39:50.686Z] <<< [apiv2][status] GET https://firebasehosting.googleapis.com/v1beta1/projects/next-cc43a/sites 200
[debug] [2024-05-01T03:39:50.686Z] <<< [apiv2][body] GET https://firebasehosting.googleapis.com/v1beta1/projects/next-cc43a/sites {"sites":[{"name":"projects/next-cc43a/sites/next-cc43a","defaultUrl":"https://next-cc43a.web.app","appId":"1:454727340926:web:14ae9aacd34f308ce6192f","type":"DEFAULT_SITE"}]}
[debug] [2024-05-01T03:39:50.686Z] >>> [apiv2][query] GET https://firebase.googleapis.com/v1beta1/projects/-/webApps/1:454727340926:web:14ae9aacd34f308ce6192f/config [none]
[debug] [2024-05-01T03:39:51.758Z] <<< [apiv2][status] GET https://firebase.googleapis.com/v1beta1/projects/-/webApps/1:454727340926:web:14ae9aacd34f308ce6192f/config 200
[debug] [2024-05-01T03:39:51.758Z] <<< [apiv2][body] GET https://firebase.googleapis.com/v1beta1/projects/-/webApps/1:454727340926:web:14ae9aacd34f308ce6192f/config {"projectId":"next-cc43a","appId":"1:454727340926:web:14ae9aacd34f308ce6192f","databaseURL":"https://next-cc43a-default-rtdb.firebaseio.com","storageBucket":"next-cc43a.appspot.com","apiKey":"AIzaSyC8ke4C5odvQZfISAfwlRi_1sUSxUhZrSo","authDomain":"next-cc43a.firebaseapp.com","messagingSenderId":"454727340926"}
[info] 
   Thank you for trying our early preview of Next.js support on Firebase Hosting.
   During the preview, support is best-effort and breaking changes can be expected. Proceed with caution.
   The integration is known to work with Next.js version 12 - 14.0. You may encounter errors.

   Documentation: https://firebase.google.com/docs/hosting/frameworks/nextjs
   File a bug: https://github.com/firebase/firebase-tools/issues/new?template=bug_report.md
   Submit a feature request: https://github.com/firebase/firebase-tools/issues/new?template=feature_request.md

   We'd love to learn from you. Express your interest in helping us shape the future of Firebase Hosting: https://goo.gle/41enW5X

[debug] [2024-05-01T03:40:00.406Z] >>> [apiv2][query] GET https://firebasehosting.googleapis.com/v1beta1/projects/next-cc43a/sites/next-cc43a [none]
[debug] [2024-05-01T03:40:01.467Z] <<< [apiv2][status] GET https://firebasehosting.googleapis.com/v1beta1/projects/next-cc43a/sites/next-cc43a 200
[debug] [2024-05-01T03:40:01.467Z] <<< [apiv2][body] GET https://firebasehosting.googleapis.com/v1beta1/projects/next-cc43a/sites/next-cc43a {"name":"projects/next-cc43a/sites/next-cc43a","defaultUrl":"https://next-cc43a.web.app","appId":"1:454727340926:web:14ae9aacd34f308ce6192f","type":"DEFAULT_SITE"}
[info]    ▲ Next.js 14.1.4

[info]    - Environments: .env


[info]    Creating an optimized production build ...

[info]  ✓ Compiled successfully

[info]    Linting and checking validity of types ...

[info]    Collecting page data ...

[info]    Generating static pages (0/8) ...

[info] cart []

[info]    Generating static pages (2/8) 

[info] todos

[info]    Generating static pages (4/8) 

[info] cart []

[info] cart []

[info] cart []

[info]    Generating static pages (6/8) 

[info]  ✓ Generating static pages (8/8) 

[info]    Finalizing page optimization ...

[info]    Collecting build traces ...

[info] 

[info] Route (app)                              Size     First Load JS
┌ λ /                                    492 B          96.7 kB
├ ○ /_not-found                          882 B          85.2 kB
├ ○ /admin                               139 B          84.4 kB
├ λ /api/contacto                        0 B                0 B
├ λ /api/producto/[id]                   0 B                0 B
├ λ /api/productos/[categoria]           0 B                0 B
├ ○ /contacto                            618 B          84.9 kB
├ ○ /nosotros                            139 B          84.4 kB
├ ● /productos/[categorias]              492 B          96.7 kB
└ λ /productos/detail/[id]               783 B          90.1 kB
+ First Load JS shared by all            84.3 kB
  ├ chunks/69-81d753af5c690270.js        29 kB
  ├ chunks/fd9d1056-218420f95767ea7b.js  53.4 kB
  └ other shared chunks (total)          1.9 kB


[info] 
○  (Static)   prerendered as static content
●  (SSG)      prerendered as static HTML (uses getStaticProps)
λ  (Dynamic)  server-rendered on demand using Node.js


[info] Building a Cloud Function to run this application. This is needed due to:
[info]  • Image Optimization
[info]  • use of fallback /productos/[categorias]
[info]  • non-static component /api/contacto/route
[info]  • non-static component /api/producto/[id]/route
[info]  • non-static component /api/productos/[categoria]/route
[debug] [2024-05-01T03:40:20.334Z]  • non-static component /page
[debug] [2024-05-01T03:40:20.334Z]  • non-static component /productos/detail/[id]/page
[info]  • and 2 other reasons, use --debug to see more
[info] 
[debug] [2024-05-01T03:40:24.909Z] >>> [apiv2][query] GET https://firebasehosting.googleapis.com/v1beta1/projects/next-cc43a/sites/next-cc43a [none]
[debug] [2024-05-01T03:40:25.963Z] <<< [apiv2][status] GET https://firebasehosting.googleapis.com/v1beta1/projects/next-cc43a/sites/next-cc43a 200
[debug] [2024-05-01T03:40:25.963Z] <<< [apiv2][body] GET https://firebasehosting.googleapis.com/v1beta1/projects/next-cc43a/sites/next-cc43a {"name":"projects/next-cc43a/sites/next-cc43a","defaultUrl":"https://next-cc43a.web.app","appId":"1:454727340926:web:14ae9aacd34f308ce6192f","type":"DEFAULT_SITE"}
[debug] [2024-05-01T03:40:26.165Z] Error: Source and destination must not be the same.
    at C:\Users\user\AppData\Roaming\npm\node_modules\firebase-tools\node_modules\fs-extra\lib\util\stat.js:49:19
    at process.processTicksAndRejections (node:internal/process/task_queues:82:21)
[error] 
[error] Error: An unexpected error has occurred.
[debug] [2024-05-01T04:19:40.651Z] ----------------------------------------------------------------------
[debug] [2024-05-01T04:19:40.653Z] Command:       C:\Program Files\nodejs\node.exe C:\Users\user\AppData\Roaming\npm\node_modules\firebase-tools\lib\bin\firebase.js --debug deploy
[debug] [2024-05-01T04:19:40.653Z] CLI Version:   13.7.3
[debug] [2024-05-01T04:19:40.654Z] Platform:      win32
[debug] [2024-05-01T04:19:40.654Z] Node Version:  v18.20.2
[debug] [2024-05-01T04:19:40.655Z] Time:          Wed May 01 2024 01:19:40 GMT-0300 (hora estándar de Argentina)
[debug] [2024-05-01T04:19:40.655Z] ----------------------------------------------------------------------
[debug] 
[debug] [2024-05-01T04:19:40.709Z] > command requires scopes: ["email","openid","https://www.googleapis.com/auth/cloudplatformprojects.readonly","https://www.googleapis.com/auth/firebase","https://www.googleapis.com/auth/cloud-platform"]
[debug] [2024-05-01T04:19:40.710Z] > authorizing via signed-in user (blastonyzamora@gmail.com)
[debug] [2024-05-01T04:19:40.710Z] [iam] checking project next-cc43a for permissions ["firebase.projects.get","firebasedatabase.instances.update","firebasehosting.sites.update"]
[debug] [2024-05-01T04:19:40.712Z] > refreshing access token with scopes: []
[debug] [2024-05-01T04:19:40.713Z] >>> [apiv2][query] POST https://www.googleapis.com/oauth2/v3/token [none]
[debug] [2024-05-01T04:19:40.714Z] >>> [apiv2][body] POST https://www.googleapis.com/oauth2/v3/token [omitted]
[debug] [2024-05-01T04:19:40.937Z] <<< [apiv2][status] POST https://www.googleapis.com/oauth2/v3/token 200
[debug] [2024-05-01T04:19:40.938Z] <<< [apiv2][body] POST https://www.googleapis.com/oauth2/v3/token [omitted]
[debug] [2024-05-01T04:19:40.946Z] >>> [apiv2][query] POST https://cloudresourcemanager.googleapis.com/v1/projects/next-cc43a:testIamPermissions [none]
[debug] [2024-05-01T04:19:40.946Z] >>> [apiv2][(partial)header] POST https://cloudresourcemanager.googleapis.com/v1/projects/next-cc43a:testIamPermissions x-goog-quota-user=projects/next-cc43a
[debug] [2024-05-01T04:19:40.946Z] >>> [apiv2][body] POST https://cloudresourcemanager.googleapis.com/v1/projects/next-cc43a:testIamPermissions {"permissions":["firebase.projects.get","firebasedatabase.instances.update","firebasehosting.sites.update"]}
[debug] [2024-05-01T04:19:41.896Z] <<< [apiv2][status] POST https://cloudresourcemanager.googleapis.com/v1/projects/next-cc43a:testIamPermissions 200
[debug] [2024-05-01T04:19:41.896Z] <<< [apiv2][body] POST https://cloudresourcemanager.googleapis.com/v1/projects/next-cc43a:testIamPermissions {"permissions":["firebase.projects.get","firebasedatabase.instances.update","firebasehosting.sites.update"]}
[debug] [2024-05-01T04:19:41.897Z] >>> [apiv2][query] GET https://firebase.googleapis.com/v1beta1/projects/next-cc43a [none]
[debug] [2024-05-01T04:19:42.299Z] <<< [apiv2][status] GET https://firebase.googleapis.com/v1beta1/projects/next-cc43a 200
[debug] [2024-05-01T04:19:42.299Z] <<< [apiv2][body] GET https://firebase.googleapis.com/v1beta1/projects/next-cc43a {"projectId":"next-cc43a","projectNumber":"454727340926","displayName":"Next","name":"projects/next-cc43a","resources":{"hostingSite":"next-cc43a","realtimeDatabaseInstance":"next-cc43a-default-rtdb"},"state":"ACTIVE","etag":"1_472c3b28-4293-48a4-9571-415a7d739586"}
[debug] [2024-05-01T04:19:42.300Z] >>> [apiv2][query] GET https://firebase.googleapis.com/v1beta1/projects/next-cc43a [none]
[debug] [2024-05-01T04:19:42.677Z] <<< [apiv2][status] GET https://firebase.googleapis.com/v1beta1/projects/next-cc43a 200
[debug] [2024-05-01T04:19:42.678Z] <<< [apiv2][body] GET https://firebase.googleapis.com/v1beta1/projects/next-cc43a {"projectId":"next-cc43a","projectNumber":"454727340926","displayName":"Next","name":"projects/next-cc43a","resources":{"hostingSite":"next-cc43a","realtimeDatabaseInstance":"next-cc43a-default-rtdb"},"state":"ACTIVE","etag":"1_472c3b28-4293-48a4-9571-415a7d739586"}
[debug] [2024-05-01T04:19:46.900Z] >>> [apiv2][query] GET https://firebasehosting.googleapis.com/v1beta1/projects/next-cc43a/sites pageToken=&pageSize=10
[debug] [2024-05-01T04:19:48.418Z] <<< [apiv2][status] GET https://firebasehosting.googleapis.com/v1beta1/projects/next-cc43a/sites 200
[debug] [2024-05-01T04:19:48.418Z] <<< [apiv2][body] GET https://firebasehosting.googleapis.com/v1beta1/projects/next-cc43a/sites {"sites":[{"name":"projects/next-cc43a/sites/next-cc43a","defaultUrl":"https://next-cc43a.web.app","appId":"1:454727340926:web:14ae9aacd34f308ce6192f","type":"DEFAULT_SITE"}]}
[debug] [2024-05-01T04:19:48.419Z] >>> [apiv2][query] GET https://firebase.googleapis.com/v1beta1/projects/-/webApps/1:454727340926:web:14ae9aacd34f308ce6192f/config [none]
[debug] [2024-05-01T04:19:49.367Z] <<< [apiv2][status] GET https://firebase.googleapis.com/v1beta1/projects/-/webApps/1:454727340926:web:14ae9aacd34f308ce6192f/config 200
[debug] [2024-05-01T04:19:49.367Z] <<< [apiv2][body] GET https://firebase.googleapis.com/v1beta1/projects/-/webApps/1:454727340926:web:14ae9aacd34f308ce6192f/config {"projectId":"next-cc43a","appId":"1:454727340926:web:14ae9aacd34f308ce6192f","databaseURL":"https://next-cc43a-default-rtdb.firebaseio.com","storageBucket":"next-cc43a.appspot.com","apiKey":"AIzaSyC8ke4C5odvQZfISAfwlRi_1sUSxUhZrSo","authDomain":"next-cc43a.firebaseapp.com","messagingSenderId":"454727340926"}
[info] 
   Thank you for trying our early preview of Next.js support on Firebase Hosting.
   During the preview, support is best-effort and breaking changes can be expected. Proceed with caution.
   The integration is known to work with Next.js version 12 - 14.0. You may encounter errors.

   Documentation: https://firebase.google.com/docs/hosting/frameworks/nextjs
   File a bug: https://github.com/firebase/firebase-tools/issues/new?template=bug_report.md
   Submit a feature request: https://github.com/firebase/firebase-tools/issues/new?template=feature_request.md

   We'd love to learn from you. Express your interest in helping us shape the future of Firebase Hosting: https://goo.gle/41enW5X

[debug] [2024-05-01T04:19:57.948Z] >>> [apiv2][query] GET https://firebasehosting.googleapis.com/v1beta1/projects/next-cc43a/sites/next-cc43a [none]
[debug] [2024-05-01T04:19:59.203Z] <<< [apiv2][status] GET https://firebasehosting.googleapis.com/v1beta1/projects/next-cc43a/sites/next-cc43a 200
[debug] [2024-05-01T04:19:59.204Z] <<< [apiv2][body] GET https://firebasehosting.googleapis.com/v1beta1/projects/next-cc43a/sites/next-cc43a {"name":"projects/next-cc43a/sites/next-cc43a","defaultUrl":"https://next-cc43a.web.app","appId":"1:454727340926:web:14ae9aacd34f308ce6192f","type":"DEFAULT_SITE"}
[info]    ▲ Next.js 14.1.4

[info]    - Environments: .env


[info]    Creating an optimized production build ...

[info]  ✓ Compiled successfully

[info]    Linting and checking validity of types ...

[info]    Collecting page data ...

[info]    Generating static pages (0/8) ...

[info] cart []

[info]    Generating static pages (2/8) 

[info] todos

[info]    Generating static pages (4/8) 
cart []
cart []

[info] cart []

[info]    Generating static pages (6/8) 

[info]  ✓ Generating static pages (8/8) 

[info]    Finalizing page optimization ...

[info]    Collecting build traces ...

[info] 

[info] Route (app)                              Size     First Load JS
┌ λ /                                    492 B          96.7 kB
├ ○ /_not-found                          882 B          85.2 kB
├ ○ /admin                               139 B          84.4 kB
├ λ /api/contacto                        0 B                0 B
├ λ /api/producto/[id]                   0 B                0 B
├ λ /api/productos/[categoria]           0 B                0 B
├ ○ /contacto                            618 B          84.9 kB
├ ○ /nosotros                            139 B          84.4 kB
├ ● /productos/[categorias]              492 B          96.7 kB
└ λ /productos/detail/[id]               783 B          90.1 kB
+ First Load JS shared by all            84.3 kB
  ├ chunks/69-81d753af5c690270.js        29 kB
  ├ chunks/fd9d1056-218420f95767ea7b.js  53.4 kB
  └ other shared chunks (total)          1.9 kB


[info] 
○  (Static)   prerendered as static content
●  (SSG)      prerendered as static HTML (uses getStaticProps)
λ  (Dynamic)  server-rendered on demand using Node.js


[info] Building a Cloud Function to run this application. This is needed due to:
[info]  • Image Optimization
[info]  • use of fallback /productos/[categorias]
[info]  • non-static component /api/productos/[categoria]/route
[info]  • non-static component /api/contacto/route
[info]  • non-static component /api/producto/[id]/route
[debug] [2024-05-01T04:20:17.821Z]  • non-static component /productos/detail/[id]/page
[debug] [2024-05-01T04:20:17.821Z]  • non-static component /page
[info] 
[debug] [2024-05-01T04:20:22.309Z] >>> [apiv2][query] GET https://firebasehosting.googleapis.com/v1beta1/projects/next-cc43a/sites/next-cc43a [none]
[debug] [2024-05-01T04:20:23.584Z] <<< [apiv2][status] GET https://firebasehosting.googleapis.com/v1beta1/projects/next-cc43a/sites/next-cc43a 200
[debug] [2024-05-01T04:20:23.585Z] <<< [apiv2][body] GET https://firebasehosting.googleapis.com/v1beta1/projects/next-cc43a/sites/next-cc43a {"name":"projects/next-cc43a/sites/next-cc43a","defaultUrl":"https://next-cc43a.web.app","appId":"1:454727340926:web:14ae9aacd34f308ce6192f","type":"DEFAULT_SITE"}
[debug] [2024-05-01T04:20:23.780Z] Error: Source and destination must not be the same.
    at C:\Users\user\AppData\Roaming\npm\node_modules\firebase-tools\node_modules\fs-extra\lib\util\stat.js:49:19
    at process.processTicksAndRejections (node:internal/process/task_queues:82:21)
[error] 
[error] Error: An unexpected error has occurred.
[debug] [2024-05-01T19:51:43.487Z] ----------------------------------------------------------------------
[debug] [2024-05-01T19:51:43.488Z] Command:       C:\Program Files\nodejs\node.exe C:\Users\user\AppData\Roaming\npm\node_modules\firebase-tools\lib\bin\firebase.js deploy
[debug] [2024-05-01T19:51:43.488Z] CLI Version:   13.7.3
[debug] [2024-05-01T19:51:43.489Z] Platform:      win32
[debug] [2024-05-01T19:51:43.489Z] Node Version:  v18.20.2
[debug] [2024-05-01T19:51:43.490Z] Time:          Wed May 01 2024 16:51:43 GMT-0300 (hora estándar de Argentina)
[debug] [2024-05-01T19:51:43.490Z] ----------------------------------------------------------------------
[debug] 
[debug] [2024-05-01T19:51:43.493Z] >>> [apiv2][query] GET https://firebase-public.firebaseio.com/cli.json [none]
[debug] [2024-05-01T19:51:43.572Z] > command requires scopes: ["email","openid","https://www.googleapis.com/auth/cloudplatformprojects.readonly","https://www.googleapis.com/auth/firebase","https://www.googleapis.com/auth/cloud-platform"]
[debug] [2024-05-01T19:51:43.572Z] > authorizing via signed-in user (blastonyzamora@gmail.com)
[debug] [2024-05-01T19:51:43.572Z] [iam] checking project next-cc43a for permissions ["firebase.projects.get","firebasedatabase.instances.update","firebasehosting.sites.update"]
[debug] [2024-05-01T19:51:43.573Z] > refreshing access token with scopes: []
[debug] [2024-05-01T19:51:43.574Z] >>> [apiv2][query] POST https://www.googleapis.com/oauth2/v3/token [none]
[debug] [2024-05-01T19:51:43.574Z] >>> [apiv2][body] POST https://www.googleapis.com/oauth2/v3/token [omitted]
[debug] [2024-05-01T19:51:43.786Z] <<< [apiv2][status] POST https://www.googleapis.com/oauth2/v3/token 200
[debug] [2024-05-01T19:51:43.786Z] <<< [apiv2][body] POST https://www.googleapis.com/oauth2/v3/token [omitted]
[debug] [2024-05-01T19:51:43.793Z] >>> [apiv2][query] POST https://cloudresourcemanager.googleapis.com/v1/projects/next-cc43a:testIamPermissions [none]
[debug] [2024-05-01T19:51:43.793Z] >>> [apiv2][(partial)header] POST https://cloudresourcemanager.googleapis.com/v1/projects/next-cc43a:testIamPermissions x-goog-quota-user=projects/next-cc43a
[debug] [2024-05-01T19:51:43.793Z] >>> [apiv2][body] POST https://cloudresourcemanager.googleapis.com/v1/projects/next-cc43a:testIamPermissions {"permissions":["firebase.projects.get","firebasedatabase.instances.update","firebasehosting.sites.update"]}
[debug] [2024-05-01T19:51:44.065Z] <<< [apiv2][status] GET https://firebase-public.firebaseio.com/cli.json 200
[debug] [2024-05-01T19:51:44.065Z] <<< [apiv2][body] GET https://firebase-public.firebaseio.com/cli.json {"cloudBuildErrorAfter":1594252800000,"cloudBuildWarnAfter":1590019200000,"defaultNode10After":1594252800000,"minVersion":"3.0.5","node8DeploysDisabledAfter":1613390400000,"node8RuntimeDisabledAfter":1615809600000,"node8WarnAfter":1600128000000}
[debug] [2024-05-01T19:51:44.745Z] <<< [apiv2][status] POST https://cloudresourcemanager.googleapis.com/v1/projects/next-cc43a:testIamPermissions 200
[debug] [2024-05-01T19:51:44.745Z] <<< [apiv2][body] POST https://cloudresourcemanager.googleapis.com/v1/projects/next-cc43a:testIamPermissions {"permissions":["firebase.projects.get","firebasedatabase.instances.update","firebasehosting.sites.update"]}
[debug] [2024-05-01T19:51:44.746Z] >>> [apiv2][query] GET https://firebase.googleapis.com/v1beta1/projects/next-cc43a [none]
[debug] [2024-05-01T19:51:45.166Z] <<< [apiv2][status] GET https://firebase.googleapis.com/v1beta1/projects/next-cc43a 200
[debug] [2024-05-01T19:51:45.167Z] <<< [apiv2][body] GET https://firebase.googleapis.com/v1beta1/projects/next-cc43a {"projectId":"next-cc43a","projectNumber":"454727340926","displayName":"Next","name":"projects/next-cc43a","resources":{"hostingSite":"next-cc43a","realtimeDatabaseInstance":"next-cc43a-default-rtdb"},"state":"ACTIVE","etag":"1_472c3b28-4293-48a4-9571-415a7d739586"}
[debug] [2024-05-01T19:51:45.167Z] >>> [apiv2][query] GET https://firebase.googleapis.com/v1beta1/projects/next-cc43a [none]
[debug] [2024-05-01T19:51:45.554Z] <<< [apiv2][status] GET https://firebase.googleapis.com/v1beta1/projects/next-cc43a 200
[debug] [2024-05-01T19:51:45.554Z] <<< [apiv2][body] GET https://firebase.googleapis.com/v1beta1/projects/next-cc43a {"projectId":"next-cc43a","projectNumber":"454727340926","displayName":"Next","name":"projects/next-cc43a","resources":{"hostingSite":"next-cc43a","realtimeDatabaseInstance":"next-cc43a-default-rtdb"},"state":"ACTIVE","etag":"1_472c3b28-4293-48a4-9571-415a7d739586"}
[debug] [2024-05-01T19:51:49.744Z] >>> [apiv2][query] GET https://firebasehosting.googleapis.com/v1beta1/projects/next-cc43a/sites pageToken=&pageSize=10
[debug] [2024-05-01T19:51:50.934Z] <<< [apiv2][status] GET https://firebasehosting.googleapis.com/v1beta1/projects/next-cc43a/sites 200
[debug] [2024-05-01T19:51:50.934Z] <<< [apiv2][body] GET https://firebasehosting.googleapis.com/v1beta1/projects/next-cc43a/sites {"sites":[{"name":"projects/next-cc43a/sites/next-cc43a","defaultUrl":"https://next-cc43a.web.app","appId":"1:454727340926:web:14ae9aacd34f308ce6192f","type":"DEFAULT_SITE"}]}
[debug] [2024-05-01T19:51:50.934Z] >>> [apiv2][query] GET https://firebase.googleapis.com/v1beta1/projects/-/webApps/1:454727340926:web:14ae9aacd34f308ce6192f/config [none]
[debug] [2024-05-01T19:51:52.150Z] <<< [apiv2][status] GET https://firebase.googleapis.com/v1beta1/projects/-/webApps/1:454727340926:web:14ae9aacd34f308ce6192f/config 200
[debug] [2024-05-01T19:51:52.150Z] <<< [apiv2][body] GET https://firebase.googleapis.com/v1beta1/projects/-/webApps/1:454727340926:web:14ae9aacd34f308ce6192f/config {"projectId":"next-cc43a","appId":"1:454727340926:web:14ae9aacd34f308ce6192f","databaseURL":"https://next-cc43a-default-rtdb.firebaseio.com","storageBucket":"next-cc43a.appspot.com","apiKey":"AIzaSyC8ke4C5odvQZfISAfwlRi_1sUSxUhZrSo","authDomain":"next-cc43a.firebaseapp.com","messagingSenderId":"454727340926"}
[info] 
   Thank you for trying our early preview of Next.js support on Firebase Hosting.
   During the preview, support is best-effort and breaking changes can be expected. Proceed with caution.
   The integration is known to work with Next.js version 12 - 14.0. You may encounter errors.

   Documentation: https://firebase.google.com/docs/hosting/frameworks/nextjs
   File a bug: https://github.com/firebase/firebase-tools/issues/new?template=bug_report.md
   Submit a feature request: https://github.com/firebase/firebase-tools/issues/new?template=feature_request.md

   We'd love to learn from you. Express your interest in helping us shape the future of Firebase Hosting: https://goo.gle/41enW5X

[debug] [2024-05-01T19:52:00.895Z] >>> [apiv2][query] GET https://firebasehosting.googleapis.com/v1beta1/projects/next-cc43a/sites/next-cc43a [none]
[debug] [2024-05-01T19:52:01.962Z] <<< [apiv2][status] GET https://firebasehosting.googleapis.com/v1beta1/projects/next-cc43a/sites/next-cc43a 200
[debug] [2024-05-01T19:52:01.962Z] <<< [apiv2][body] GET https://firebasehosting.googleapis.com/v1beta1/projects/next-cc43a/sites/next-cc43a {"name":"projects/next-cc43a/sites/next-cc43a","defaultUrl":"https://next-cc43a.web.app","appId":"1:454727340926:web:14ae9aacd34f308ce6192f","type":"DEFAULT_SITE"}
[info]    ▲ Next.js 14.1.4

[info]    - Environments: .env


[info]    Creating an optimized production build ...

[info]  ✓ Compiled successfully

[info]    Linting and checking validity of types ...

[info]    Collecting page data ...

[info]    Generating static pages (0/8) ...

[info] cart []

[info]    Generating static pages (2/8) 

[info] todos

[info] cart []

[info]    Generating static pages (4/8) 

[info] cart []

[info] cart []

[info]    Generating static pages (6/8) 

[info]  ✓ Generating static pages (8/8) 

[info]    Finalizing page optimization ...

[info]    Collecting build traces ...

[info] 

[info] Route (app)                              Size     First Load JS
┌ λ /                                    492 B          96.7 kB
├ ○ /_not-found                          882 B          85.2 kB
├ ○ /admin                               139 B          84.4 kB
├ λ /api/contacto                        0 B                0 B
├ λ /api/producto/[id]                   0 B                0 B
├ λ /api/productos/[categoria]           0 B                0 B
├ ○ /contacto                            618 B          84.9 kB
├ ○ /nosotros                            139 B          84.4 kB
├ ● /productos/[categorias]              492 B          96.7 kB
└ λ /productos/detail/[id]               783 B          90.1 kB
+ First Load JS shared by all            84.3 kB
  ├ chunks/69-81d753af5c690270.js        29 kB
  ├ chunks/fd9d1056-218420f95767ea7b.js  53.4 kB
  └ other shared chunks (total)          1.9 kB


[info] 
○  (Static)   prerendered as static content
●  (SSG)      prerendered as static HTML (uses getStaticProps)
λ  (Dynamic)  server-rendered on demand using Node.js


[info] Building a Cloud Function to run this application. This is needed due to:
[info]  • Image Optimization
[info]  • use of fallback /productos/[categorias]
[info]  • non-static component /api/contacto/route
[info]  • non-static component /api/producto/[id]/route
[info]  • non-static component /api/productos/[categoria]/route
[debug] [2024-05-01T19:52:21.962Z]  • non-static component /page
[debug] [2024-05-01T19:52:21.962Z]  • non-static component /productos/detail/[id]/page
[info]  • and 2 other reasons, use --debug to see more
[info] 
[debug] [2024-05-01T19:52:26.502Z] >>> [apiv2][query] GET https://firebasehosting.googleapis.com/v1beta1/projects/next-cc43a/sites/next-cc43a [none]
[debug] [2024-05-01T19:52:27.544Z] <<< [apiv2][status] GET https://firebasehosting.googleapis.com/v1beta1/projects/next-cc43a/sites/next-cc43a 200
[debug] [2024-05-01T19:52:27.544Z] <<< [apiv2][body] GET https://firebasehosting.googleapis.com/v1beta1/projects/next-cc43a/sites/next-cc43a {"name":"projects/next-cc43a/sites/next-cc43a","defaultUrl":"https://next-cc43a.web.app","appId":"1:454727340926:web:14ae9aacd34f308ce6192f","type":"DEFAULT_SITE"}
[debug] [2024-05-01T19:52:27.737Z] Error: Source and destination must not be the same.
    at C:\Users\user\AppData\Roaming\npm\node_modules\firebase-tools\node_modules\fs-extra\lib\util\stat.js:49:19
    at process.processTicksAndRejections (node:internal/process/task_queues:82:21)
[error] 
[error] Error: An unexpected error has occurred.
